This is XeTeX, Version 3.14159265-2.6-0.99996 (TeX Live 2016/Debian) (preloaded format=xelatex 2017.2.5)  21 FEB 2017 02:46
entering extended mode
 restricted \write18 enabled.
 %&-line parsing enabled.
**heuristic_analysis.tex
(./heuristic_analysis.tex
LaTeX2e <2016/03/31> patch level 3
Babel <3.9r> and hyphenation patterns for 3 language(s) loaded.
(/usr/share/texlive/texmf-dist/tex/latex/base/article.cls
Document Class: article 2014/09/29 v1.4h Standard LaTeX document class
(/usr/share/texlive/texmf-dist/tex/latex/base/size10.clo
File: size10.clo 2014/09/29 v1.4h Standard LaTeX file (size option)
)
\c@part=\count79
\c@section=\count80
\c@subsection=\count81
\c@subsubsection=\count82
\c@paragraph=\count83
\c@subparagraph=\count84
\c@figure=\count85
\c@table=\count86
\abovecaptionskip=\skip41
\belowcaptionskip=\skip42
\bibindent=\dimen102
)
(/usr/share/texlive/texmf-dist/tex/latex/graphics/graphicx.sty
Package: graphicx 2014/10/28 v1.0g Enhanced LaTeX Graphics (DPC,SPQR)

(/usr/share/texlive/texmf-dist/tex/latex/graphics/keyval.sty
Package: keyval 2014/10/28 v1.15 key=value parser (DPC)
\KV@toks@=\toks14
)
(/usr/share/texlive/texmf-dist/tex/latex/graphics/graphics.sty
Package: graphics 2016/07/10 v1.0t Standard LaTeX Graphics (DPC,SPQR)

(/usr/share/texlive/texmf-dist/tex/latex/graphics/trig.sty
Package: trig 2016/01/03 v1.10 sin cos tan (DPC)
)
(/usr/share/texlive/texmf-dist/tex/latex/graphics-cfg/graphics.cfg
File: graphics.cfg 2016/06/04 v1.11 sample graphics configuration
)
Package graphics Info: Driver file: xetex.def on input line 99.

(/usr/share/texlive/texmf-dist/tex/latex/graphics-def/xetex.def
File: xetex.def 2016/07/11 v4.10 LaTeX color/graphics driver for XeTeX (L3/RRM/
JK)
))
\Gin@req@height=\dimen103
\Gin@req@width=\dimen104
)
(/usr/share/texlive/texmf-dist/tex/latex/fontspec/fontspec.sty
(/usr/share/texlive/texmf-dist/tex/latex/l3kernel/expl3.sty
Package: expl3 2016/11/21 v6760 L3 programming layer (loader) 

(/usr/share/texlive/texmf-dist/tex/latex/l3kernel/expl3-code.tex
Package: expl3 2016/11/21 v6760 L3 programming layer (code)
L3 Module: l3bootstrap 2016/06/13 v6596 L3 Bootstrap code
L3 Module: l3names 2016/10/13 v6722 L3 Namespace for primitives
L3 Module: l3basics 2016/09/01 v6696 L3 Basic definitions
L3 Module: l3expan 2016/08/19 v6684 L3 Argument expansion
L3 Module: l3tl 2016/08/19 v6692 L3 Token lists
L3 Module: l3str 2016/08/19 v6692 L3 Strings
L3 Module: l3seq 2016/08/19 v6685 L3 Sequences and stacks
L3 Module: l3int 2016/09/07 v6700 L3 Integers
\c_max_int=\count87
\l_tmpa_int=\count88
\l_tmpb_int=\count89
\g_tmpa_int=\count90
\g_tmpb_int=\count91
L3 Module: l3quark 2016/08/19 v6685 L3 Quarks
L3 Module: l3prg 2016/08/18 v6679 L3 Control structures
\g__prg_map_int=\count92
L3 Module: l3clist 2016/08/19 v6685 L3 Comma separated lists
L3 Module: l3token 2016/09/01 v6695 L3 Experimental token manipulation
L3 Module: l3prop 2016/08/19 v6685 L3 Property lists
L3 Module: l3msg 2016/08/19 v6691 L3 Messages
L3 Module: l3file 2016/08/19 v6685 L3 File and I/O operations
\l_iow_line_count_int=\count93
\l__iow_target_count_int=\count94
\l__iow_current_line_int=\count95
\l__iow_current_word_int=\count96
\l__iow_current_indentation_int=\count97
L3 Module: l3skip 2016/08/19 v6692 L3 Dimensions and skips
\c_zero_dim=\dimen105
\c_max_dim=\dimen106
\l_tmpa_dim=\dimen107
\l_tmpb_dim=\dimen108
\g_tmpa_dim=\dimen109
\g_tmpb_dim=\dimen110
\c_zero_skip=\skip43
\c_max_skip=\skip44
\l_tmpa_skip=\skip45
\l_tmpb_skip=\skip46
\g_tmpa_skip=\skip47
\g_tmpb_skip=\skip48
\c_zero_muskip=\muskip10
\c_max_muskip=\muskip11
\l_tmpa_muskip=\muskip12
\l_tmpb_muskip=\muskip13
\g_tmpa_muskip=\muskip14
\g_tmpb_muskip=\muskip15
L3 Module: l3keys 2016/09/21 v6711 L3 Key-value interfaces
\l_keys_choice_int=\count98
L3 Module: l3fp 2016/11/21 v6761 L3 Floating points
\c__fp_leading_shift_int=\count99
\c__fp_middle_shift_int=\count100
\c__fp_trailing_shift_int=\count101
\c__fp_big_leading_shift_int=\count102
\c__fp_big_middle_shift_int=\count103
\c__fp_big_trailing_shift_int=\count104
\c__fp_Bigg_leading_shift_int=\count105
\c__fp_Bigg_middle_shift_int=\count106
\c__fp_Bigg_trailing_shift_int=\count107
L3 Module: l3box 2016/08/19 v6685 L3 Experimental boxes
\c_empty_box=\box26
\l_tmpa_box=\box27
\l_tmpb_box=\box28
\g_tmpa_box=\box29
\g_tmpb_box=\box30
L3 Module: l3coffins 2016/08/19 v6685 L3 Coffin code layer
\l__coffin_internal_box=\box31
\l__coffin_internal_dim=\dimen111
\l__coffin_offset_x_dim=\dimen112
\l__coffin_offset_y_dim=\dimen113
\l__coffin_x_dim=\dimen114
\l__coffin_y_dim=\dimen115
\l__coffin_x_prime_dim=\dimen116
\l__coffin_y_prime_dim=\dimen117
\c_empty_coffin=\box32
\l__coffin_aligned_coffin=\box33
\l__coffin_aligned_internal_coffin=\box34
\l_tmpa_coffin=\box35
\l_tmpb_coffin=\box36
\l__coffin_display_coffin=\box37
\l__coffin_display_coord_coffin=\box38
\l__coffin_display_pole_coffin=\box39
\l__coffin_display_offset_dim=\dimen118
\l__coffin_display_x_dim=\dimen119
\l__coffin_display_y_dim=\dimen120
L3 Module: l3color 2016/06/13 v6596 L3 Experimental color support
L3 Module: l3sys 2015/09/25 v6087 L3 Experimental system/runtime functions
L3 Module: l3candidates 2016/08/19 v6688 L3 Experimental additions to l3kernel
\l__box_top_dim=\dimen121
\l__box_bottom_dim=\dimen122
\l__box_left_dim=\dimen123
\l__box_right_dim=\dimen124
\l__box_top_new_dim=\dimen125
\l__box_bottom_new_dim=\dimen126
\l__box_left_new_dim=\dimen127
\l__box_right_new_dim=\dimen128
\l__box_internal_box=\box40
\l__coffin_bounding_shift_dim=\dimen129
\l__coffin_left_corner_dim=\dimen130
\l__coffin_right_corner_dim=\dimen131
\l__coffin_bottom_corner_dim=\dimen132
\l__coffin_top_corner_dim=\dimen133
\l__coffin_scaled_total_height_dim=\dimen134
\l__coffin_scaled_width_dim=\dimen135
L3 Module: l3luatex 2016/08/18 v6679 L3 Experimental LuaTeX-specific functions
)
(/usr/share/texlive/texmf-dist/tex/latex/l3kernel/l3xdvipdfmx.def
File: l3xdvidpfmx.def 2016/08/18 v6679 L3 Experimental driver: xdvipdfmx
\l__driver_tmp_box=\box41
))
(/usr/share/texlive/texmf-dist/tex/latex/l3packages/xparse/xparse.sty
Package: xparse 2016/11/21 v6760 L3 Experimental document command parser
\l__xparse_current_arg_int=\count108
\l__xparse_m_args_int=\count109
\l__xparse_mandatory_args_int=\count110
\l__xparse_processor_int=\count111
\l__xparse_v_nesting_int=\count112
)
Package: fontspec 2016/02/01 v2.5a Font selection for XeLaTeX and LuaLaTeX

(/usr/share/texlive/texmf-dist/tex/latex/fontspec/fontspec-xetex.sty
Package: fontspec-xetex 2016/02/01 v2.5a Font selection for XeLaTeX and LuaLaTe
X
\l_fontspec_script_int=\count113
\l_fontspec_language_int=\count114
\l_fontspec_strnum_int=\count115
\l__fontspec_tmpa_dim=\dimen136
\l__fontspec_tmpb_dim=\dimen137
\l__fontspec_tmpc_dim=\dimen138
\g__file_internal_ior=\read1

(/usr/share/texlive/texmf-dist/tex/latex/base/fontenc.sty
Package: fontenc 2016/06/19 v1.99m Standard LaTeX package

(/usr/share/texlive/texmf-dist/tex/latex/euenc/eu1enc.def
File: eu1enc.def 2010/05/27 v0.1h Experimental Unicode font encodings
)
LaTeX Font Info:    Try loading font information for EU1+lmr on input line 105.


(/usr/share/texlive/texmf-dist/tex/latex/euenc/eu1lmr.fd
File: eu1lmr.fd 2009/10/30 v1.6 Font defs for Latin Modern
))
(/usr/share/texlive/texmf-dist/tex/xelatex/xunicode/xunicode.sty
File: xunicode.sty 2011/09/09 v0.981 provides access to latin accents and many 
other characters in Unicode lower plane

(/usr/share/texmf/tex/latex/tipa/t3enc.def
File: t3enc.def 2001/12/31 T3 encoding
LaTeX Font Info:    Try loading font information for EU1+lmss on input line 357
.

(/usr/share/texlive/texmf-dist/tex/latex/euenc/eu1lmss.fd
File: eu1lmss.fd 2009/10/30 v1.6 Font defs for Latin Modern
))
\tipaTiiicode=\count116
\tipasavetokens=\toks15
\tipachecktokens=\toks16
)
.................................................
. LaTeX info: "xparse/define-command"
. 
. Defining command \__fontspec_post_arg:w with sig. 'mmO{}' on line 353.
.................................................
.................................................
. LaTeX info: "xparse/define-command"
. 
. Defining command \fontspec with sig. 'om' on line 355.
.................................................
.................................................
. LaTeX info: "xparse/define-command"
. 
. Defining command \setmainfont with sig. 'om' on line 365.
.................................................
.................................................
. LaTeX info: "xparse/define-command"
. 
. Defining command \setsansfont with sig. 'om' on line 375.
.................................................
.................................................
. LaTeX info: "xparse/define-command"
. 
. Defining command \setmonofont with sig. 'om' on line 385.
.................................................
.................................................
. LaTeX info: "xparse/define-command"
. 
. Defining command \setmathrm with sig. 'om' on line 399.
.................................................
.................................................
. LaTeX info: "xparse/define-command"
. 
. Defining command \setboldmathrm with sig. 'om' on line 407.
.................................................
.................................................
. LaTeX info: "xparse/define-command"
. 
. Defining command \setmathsf with sig. 'om' on line 415.
.................................................
.................................................
. LaTeX info: "xparse/define-command"
. 
. Defining command \setmathtt with sig. 'om' on line 423.
.................................................
.................................................
. LaTeX info: "xparse/define-command"
. 
. Defining command \newfontfamily with sig. 'mom' on line 437.
.................................................
.................................................
. LaTeX info: "xparse/define-command"
. 
. Defining command \newfontface with sig. 'mom' on line 453.
.................................................
.................................................
. LaTeX info: "xparse/define-command"
. 
. Defining command \defaultfontfeatures with sig. 't+om' on line 467.
.................................................
.................................................
. LaTeX info: "xparse/define-command"
. 
. Defining command \addfontfeatures with sig. 'm' on line 529.
.................................................
.................................................
. LaTeX info: "xparse/define-command"
. 
. Defining command \newfontfeature with sig. 'mm' on line 540.
.................................................
.................................................
. LaTeX info: "xparse/define-command"
. 
. Defining command \newAATfeature with sig. 'mmmm' on line 548.
.................................................
.................................................
. LaTeX info: "xparse/define-command"
. 
. Defining command \newopentypefeature with sig. 'mmm' on line 556.
.................................................
.................................................
. LaTeX info: "xparse/define-command"
. 
. Defining command \aliasfontfeature with sig. 'mm' on line 577.
.................................................
.................................................
. LaTeX info: "xparse/define-command"
. 
. Defining command \aliasfontfeatureoption with sig. 'mmm' on line 586.
.................................................
.................................................
. LaTeX info: "xparse/define-command"
. 
. Defining command \newfontscript with sig. 'mm' on line 590.
.................................................
.................................................
. LaTeX info: "xparse/define-command"
. 
. Defining command \newfontlanguage with sig. 'mm' on line 594.
.................................................
.................................................
. LaTeX info: "xparse/define-command"
. 
. Defining command \DeclareFontsExtensions with sig. 'm' on line 599.
.................................................
\l__fontspec_tmp_int=\count117

(/usr/share/texlive/texmf-dist/tex/latex/fontspec/fontspec.cfg)
LaTeX Info: Redefining \itshape on input line 2705.
LaTeX Info: Redefining \slshape on input line 2710.
LaTeX Info: Redefining \scshape on input line 2715.
LaTeX Info: Redefining \upshape on input line 2720.
\l__fontspec_em_int=\count118
\l__fontspec_emdef_int=\count119
LaTeX Info: Redefining \em on input line 2736.
LaTeX Info: Redefining \emph on input line 2742.
LaTeX Info: Redefining \- on input line 2746.
.................................................
. LaTeX info: "xparse/redefine-command"
. 
. Redefining command \oldstylenums with sig. 'm' on line 2841.
.................................................
.................................................
. LaTeX info: "xparse/define-command"
. 
. Defining command \liningnums with sig. 'm' on line 2845.
.................................................
))
(/usr/share/texlive/texmf-dist/tex/latex/fancyvrb/fancyvrb.sty
Package: fancyvrb 2008/02/07

Style option: `fancyvrb' v2.7a, with DG/SPQR fixes, and firstline=lastline fix 
<2008/02/07> (tvz)
\FV@CodeLineNo=\count120
\FV@InFile=\read2
\FV@TabBox=\box42
\c@FancyVerbLine=\count121
\FV@StepNumber=\count122
\FV@OutFile=\write3
)
(/usr/share/texlive/texmf-dist/tex/latex/booktabs/booktabs.sty
Package: booktabs 2016/04/27 v1.618033 publication quality tables
\heavyrulewidth=\dimen139
\lightrulewidth=\dimen140
\cmidrulewidth=\dimen141
\belowrulesep=\dimen142
\belowbottomsep=\dimen143
\aboverulesep=\dimen144
\abovetopsep=\dimen145
\cmidrulesep=\dimen146
\cmidrulekern=\dimen147
\defaultaddspace=\dimen148
\@cmidla=\count123
\@cmidlb=\count124
\@aboverulesep=\dimen149
\@belowrulesep=\dimen150
\@thisruleclass=\count125
\@lastruleclass=\count126
\@thisrulewidth=\dimen151
)
\g__fontspec_family_LatinModernSans_int=\count127
.................................................
. fontspec info: "defining-font"
. 
. Font family 'LatinModernSans(0)' created for font 'Latin Modern Sans' with
. options [Ligatures=TeX].
. 
. This font family consists of the following NFSS series/shapes:
. - 'normal' (m/n) with NFSS spec.: <->"Latin Modern
. Sans/OT:script=latn;language=DFLT;mapping=tex-text;"
. - 'small caps'  (m/sc) with NFSS spec.: - 'bold' (bx/n) with NFSS spec.:
. <->"Latin Modern Sans/B/OT:script=latn;language=DFLT;mapping=tex-text;"
. - 'bold small caps'  (bx/sc) with NFSS spec.: - 'italic' (m/it) with NFSS
. spec.: <->"Latin Modern
. Sans/I/OT:script=latn;language=DFLT;mapping=tex-text;"
. - 'italic small caps'  (m/itsc) with NFSS spec.: - 'bold italic' (bx/it)
. with NFSS spec.: <->"Latin Modern
. Sans/BI/OT:script=latn;language=DFLT;mapping=tex-text;"
. - 'bold italic small caps'  (bx/itsc) with NFSS spec.: 
.................................................

(/usr/share/texlive/texmf-dist/tex/latex/libertine/libertine.sty
Package: libertine 2014/11/25 (Bob Tennent) Supports Libertine and Biolinum fon
ts for all LaTeX engines.

(/usr/share/texlive/texmf-dist/tex/generic/ifxetex/ifxetex.sty
Package: ifxetex 2010/09/12 v0.6 Provides ifxetex conditional
)
(/usr/share/texlive/texmf-dist/tex/generic/oberdiek/ifluatex.sty
Package: ifluatex 2016/05/16 v1.4 Provides the ifluatex switch (HO)
Package ifluatex Info: LuaTeX not detected.
)
(/usr/share/texlive/texmf-dist/tex/latex/xkeyval/xkeyval.sty
Package: xkeyval 2014/12/03 v2.7a package option processing (HA)

(/usr/share/texlive/texmf-dist/tex/generic/xkeyval/xkeyval.tex
(/usr/share/texlive/texmf-dist/tex/generic/xkeyval/xkvutils.tex
\XKV@toks=\toks17
\XKV@tempa@toks=\toks18
)
\XKV@depth=\count128
File: xkeyval.tex 2014/12/03 v2.7a key=value parser (HA)
))
(/usr/share/texlive/texmf-dist/tex/latex/base/textcomp.sty
Package: textcomp 2016/06/19 v1.99m Standard LaTeX package
Package textcomp Info: Sub-encoding information:
(textcomp)               5 = only ISO-Adobe without \textcurrency
(textcomp)               4 = 5 + \texteuro
(textcomp)               3 = 4 + \textohm
(textcomp)               2 = 3 + \textestimated + \textcurrency
(textcomp)               1 = TS1 - \textcircled - \t
(textcomp)               0 = TS1 (full)
(textcomp)             Font families with sub-encoding setting implement
(textcomp)             only a restricted character set as indicated.
(textcomp)             Family '?' is the default used for unknown fonts.
(textcomp)             See the documentation for details.
Package textcomp Info: Setting ? sub-encoding to TS1/1 on input line 79.

(/usr/share/texlive/texmf-dist/tex/latex/base/ts1enc.def
File: ts1enc.def 2001/06/05 v3.0e (jk/car/fm) Standard LaTeX file
)
LaTeX Info: Redefining \oldstylenums on input line 334.
Package textcomp Info: Setting cmr sub-encoding to TS1/0 on input line 349.
Package textcomp Info: Setting cmss sub-encoding to TS1/0 on input line 350.
Package textcomp Info: Setting cmtt sub-encoding to TS1/0 on input line 351.
Package textcomp Info: Setting cmvtt sub-encoding to TS1/0 on input line 352.
Package textcomp Info: Setting cmbr sub-encoding to TS1/0 on input line 353.
Package textcomp Info: Setting cmtl sub-encoding to TS1/0 on input line 354.
Package textcomp Info: Setting ccr sub-encoding to TS1/0 on input line 355.
Package textcomp Info: Setting ptm sub-encoding to TS1/4 on input line 356.
Package textcomp Info: Setting pcr sub-encoding to TS1/4 on input line 357.
Package textcomp Info: Setting phv sub-encoding to TS1/4 on input line 358.
Package textcomp Info: Setting ppl sub-encoding to TS1/3 on input line 359.
Package textcomp Info: Setting pag sub-encoding to TS1/4 on input line 360.
Package textcomp Info: Setting pbk sub-encoding to TS1/4 on input line 361.
Package textcomp Info: Setting pnc sub-encoding to TS1/4 on input line 362.
Package textcomp Info: Setting pzc sub-encoding to TS1/4 on input line 363.
Package textcomp Info: Setting bch sub-encoding to TS1/4 on input line 364.
Package textcomp Info: Setting put sub-encoding to TS1/5 on input line 365.
Package textcomp Info: Setting uag sub-encoding to TS1/5 on input line 366.
Package textcomp Info: Setting ugq sub-encoding to TS1/5 on input line 367.
Package textcomp Info: Setting ul8 sub-encoding to TS1/4 on input line 368.
Package textcomp Info: Setting ul9 sub-encoding to TS1/4 on input line 369.
Package textcomp Info: Setting augie sub-encoding to TS1/5 on input line 370.
Package textcomp Info: Setting dayrom sub-encoding to TS1/3 on input line 371.
Package textcomp Info: Setting dayroms sub-encoding to TS1/3 on input line 372.

Package textcomp Info: Setting pxr sub-encoding to TS1/0 on input line 373.
Package textcomp Info: Setting pxss sub-encoding to TS1/0 on input line 374.
Package textcomp Info: Setting pxtt sub-encoding to TS1/0 on input line 375.
Package textcomp Info: Setting txr sub-encoding to TS1/0 on input line 376.
Package textcomp Info: Setting txss sub-encoding to TS1/0 on input line 377.
Package textcomp Info: Setting txtt sub-encoding to TS1/0 on input line 378.
Package textcomp Info: Setting lmr sub-encoding to TS1/0 on input line 379.
Package textcomp Info: Setting lmdh sub-encoding to TS1/0 on input line 380.
Package textcomp Info: Setting lmss sub-encoding to TS1/0 on input line 381.
Package textcomp Info: Setting lmssq sub-encoding to TS1/0 on input line 382.
Package textcomp Info: Setting lmvtt sub-encoding to TS1/0 on input line 383.
Package textcomp Info: Setting lmtt sub-encoding to TS1/0 on input line 384.
Package textcomp Info: Setting qhv sub-encoding to TS1/0 on input line 385.
Package textcomp Info: Setting qag sub-encoding to TS1/0 on input line 386.
Package textcomp Info: Setting qbk sub-encoding to TS1/0 on input line 387.
Package textcomp Info: Setting qcr sub-encoding to TS1/0 on input line 388.
Package textcomp Info: Setting qcs sub-encoding to TS1/0 on input line 389.
Package textcomp Info: Setting qpl sub-encoding to TS1/0 on input line 390.
Package textcomp Info: Setting qtm sub-encoding to TS1/0 on input line 391.
Package textcomp Info: Setting qzc sub-encoding to TS1/0 on input line 392.
Package textcomp Info: Setting qhvc sub-encoding to TS1/0 on input line 393.
Package textcomp Info: Setting futs sub-encoding to TS1/4 on input line 394.
Package textcomp Info: Setting futx sub-encoding to TS1/4 on input line 395.
Package textcomp Info: Setting futj sub-encoding to TS1/4 on input line 396.
Package textcomp Info: Setting hlh sub-encoding to TS1/3 on input line 397.
Package textcomp Info: Setting hls sub-encoding to TS1/3 on input line 398.
Package textcomp Info: Setting hlst sub-encoding to TS1/3 on input line 399.
Package textcomp Info: Setting hlct sub-encoding to TS1/5 on input line 400.
Package textcomp Info: Setting hlx sub-encoding to TS1/5 on input line 401.
Package textcomp Info: Setting hlce sub-encoding to TS1/5 on input line 402.
Package textcomp Info: Setting hlcn sub-encoding to TS1/5 on input line 403.
Package textcomp Info: Setting hlcw sub-encoding to TS1/5 on input line 404.
Package textcomp Info: Setting hlcf sub-encoding to TS1/5 on input line 405.
Package textcomp Info: Setting pplx sub-encoding to TS1/3 on input line 406.
Package textcomp Info: Setting pplj sub-encoding to TS1/3 on input line 407.
Package textcomp Info: Setting ptmx sub-encoding to TS1/4 on input line 408.
Package textcomp Info: Setting ptmj sub-encoding to TS1/4 on input line 409.
)
Requested font "[LinLibertine_R.otf]/OT" at 10.0pt
 -> /usr/share/texlive/texmf-dist/fonts/opentype/public/libertine/LinLibertine_
R.otf
\g__fontspec_family_LinLibertine_int=\count129
Requested font "[LinLibertine_RB.otf]/OT" at 10.0pt
 -> /usr/share/texlive/texmf-dist/fonts/opentype/public/libertine/LinLibertine_
RB.otf
Requested font "[LinLibertine_RI.otf]/OT" at 10.0pt
 -> /usr/share/texlive/texmf-dist/fonts/opentype/public/libertine/LinLibertine_
RI.otf
Requested font "[LinLibertine_RBI.otf]/OT" at 10.0pt
 -> /usr/share/texlive/texmf-dist/fonts/opentype/public/libertine/LinLibertine_
RBI.otf
.................................................
. fontspec info: "defining-font"
. 
. Font family 'LinLibertine(0)' created for font 'LinLibertine' with options
. [Ligatures = TeX,Extension =
. .otf,SmallCapsFeatures={Letters=SmallCaps},Ligatures=TeX,Numbers =
. {Monospaced,Lining},UprightFont = *_R,ItalicFont = *_RI,BoldFont =
. *_RB,BoldItalicFont = *_RBI].
. 
. This font family consists of the following NFSS series/shapes:
. - 'normal' (m/n) with NFSS spec.:
. <->"[LinLibertine_R.otf]/OT:script=latn;language=DFLT;mapping=tex-text;mappin
g=tex-text;+tnum;+lnum;"
. - 'small caps'  (m/sc) with NFSS spec.:
. <->"[LinLibertine_R.otf]/OT:script=latn;language=DFLT;mapping=tex-text;mappin
g=tex-text;+tnum;+lnum;+smcp;+smcp;"-
. 'bold' (bx/n) with NFSS spec.:
. <->"[LinLibertine_RB.otf]/OT:script=latn;language=DFLT;mapping=tex-text;mappi
ng=tex-text;+tnum;+lnum;"
. - 'bold small caps'  (bx/sc) with NFSS spec.:
. <->"[LinLibertine_RB.otf]/OT:script=latn;language=DFLT;mapping=tex-text;mappi
ng=tex-text;+tnum;+lnum;+smcp;+smcp;"-
. 'italic' (m/it) with NFSS spec.:
. <->"[LinLibertine_RI.otf]/OT:script=latn;language=DFLT;mapping=tex-text;mappi
ng=tex-text;+tnum;+lnum;"
. - 'italic small caps'  (m/itsc) with NFSS spec.:
. <->"[LinLibertine_RI.otf]/OT:script=latn;language=DFLT;mapping=tex-text;mappi
ng=tex-text;+tnum;+lnum;+smcp;+smcp;"-
. 'bold italic' (bx/it) with NFSS spec.:
. <->"[LinLibertine_RBI.otf]/OT:script=latn;language=DFLT;mapping=tex-text;mapp
ing=tex-text;+tnum;+lnum;"
. - 'bold italic small caps'  (bx/itsc) with NFSS spec.:
. <->"[LinLibertine_RBI.otf]/OT:script=latn;language=DFLT;mapping=tex-text;mapp
ing=tex-text;+tnum;+lnum;+smcp;+smcp;"
.................................................
Requested font "[LinLibertine_R.otf]/OT:script=latn;language=DFLT;mapping=tex-t
ext;mapping=tex-text;+tnum;+lnum;" at 10.0pt
 -> /usr/share/texlive/texmf-dist/fonts/opentype/public/libertine/LinLibertine_
R.otf
Requested font "[LinBiolinum_R.otf]/OT" at 10.0pt
 -> /usr/share/texlive/texmf-dist/fonts/opentype/public/libertine/LinBiolinum_R
.otf
\g__fontspec_family_LinBiolinum_int=\count130
Requested font "[LinBiolinum_RB.otf]/OT" at 10.0pt
 -> /usr/share/texlive/texmf-dist/fonts/opentype/public/libertine/LinBiolinum_R
B.otf
Requested font "[LinBiolinum_RI.otf]/OT" at 10.0pt
 -> /usr/share/texlive/texmf-dist/fonts/opentype/public/libertine/LinBiolinum_R
I.otf
Requested font "[LinBiolinum_RBO.otf]/OT" at 10.0pt
 -> /usr/share/texlive/texmf-dist/fonts/opentype/public/libertine/LinBiolinum_R
BO.otf
.................................................
. fontspec info: "defining-font"
. 
. Font family 'LinBiolinum(0)' created for font 'LinBiolinum' with options
. [Ligatures = TeX,Extension =
. .otf,SmallCapsFeatures={Letters=SmallCaps},Ligatures=TeX,Numbers =
. {Monospaced, },Scale = 1,UprightFont = *_R,ItalicFont = *_RI,BoldFont =
. *_RB,BoldItalicFont = *_RBO].
. 
. This font family consists of the following NFSS series/shapes:
. - 'normal' (m/n) with NFSS spec.:
. <->s*[1]"[LinBiolinum_R.otf]/OT:script=latn;language=DFLT;mapping=tex-text;ma
pping=tex-text;+tnum;"
. - 'small caps'  (m/sc) with NFSS spec.:
. <->s*[1]"[LinBiolinum_R.otf]/OT:script=latn;language=DFLT;mapping=tex-text;ma
pping=tex-text;+tnum;+smcp;+smcp;"-
. 'bold' (bx/n) with NFSS spec.:
. <->s*[1]"[LinBiolinum_RB.otf]/OT:script=latn;language=DFLT;mapping=tex-text;m
apping=tex-text;+tnum;"
. - 'bold small caps'  (bx/sc) with NFSS spec.:
. <->s*[1]"[LinBiolinum_RB.otf]/OT:script=latn;language=DFLT;mapping=tex-text;m
apping=tex-text;+tnum;+smcp;+smcp;"-
. 'italic' (m/it) with NFSS spec.:
. <->s*[1]"[LinBiolinum_RI.otf]/OT:script=latn;language=DFLT;mapping=tex-text;m
apping=tex-text;+tnum;"
. - 'italic small caps'  (m/itsc) with NFSS spec.:
. <->s*[1]"[LinBiolinum_RI.otf]/OT:script=latn;language=DFLT;mapping=tex-text;m
apping=tex-text;+tnum;+smcp;+smcp;"-
. 'bold italic' (bx/it) with NFSS spec.:
. <->s*[1]"[LinBiolinum_RBO.otf]/OT:script=latn;language=DFLT;mapping=tex-text;
mapping=tex-text;+tnum;"
. - 'bold italic small caps'  (bx/itsc) with NFSS spec.:
. <->s*[1]"[LinBiolinum_RBO.otf]/OT:script=latn;language=DFLT;mapping=tex-text;
mapping=tex-text;+tnum;+smcp;+smcp;"
.................................................
.................................................
. fontspec info: "defining-font"
. 
. Font family 'LinLibertine(1)' created for font 'LinLibertine' with options
. [Ligatures = TeX,Extension =
. .otf,SmallCapsFeatures={Letters=SmallCaps},Numbers =
. {Monospaced,Lining},UprightFont = *_R,ItalicFont = *_RI,BoldFont =
. *_RB,BoldItalicFont = *_RBI].
. 
. This font family consists of the following NFSS series/shapes:
. - 'normal' (m/n) with NFSS spec.:
. <->"[LinLibertine_R.otf]/OT:script=latn;language=DFLT;mapping=tex-text;+tnum;
+lnum;"
. - 'small caps'  (m/sc) with NFSS spec.:
. <->"[LinLibertine_R.otf]/OT:script=latn;language=DFLT;mapping=tex-text;+tnum;
+lnum;+smcp;+smcp;"-
. 'bold' (bx/n) with NFSS spec.:
. <->"[LinLibertine_RB.otf]/OT:script=latn;language=DFLT;mapping=tex-text;+tnum
;+lnum;"
. - 'bold small caps'  (bx/sc) with NFSS spec.:
. <->"[LinLibertine_RB.otf]/OT:script=latn;language=DFLT;mapping=tex-text;+tnum
;+lnum;+smcp;+smcp;"-
. 'italic' (m/it) with NFSS spec.:
. <->"[LinLibertine_RI.otf]/OT:script=latn;language=DFLT;mapping=tex-text;+tnum
;+lnum;"
. - 'italic small caps'  (m/itsc) with NFSS spec.:
. <->"[LinLibertine_RI.otf]/OT:script=latn;language=DFLT;mapping=tex-text;+tnum
;+lnum;+smcp;+smcp;"-
. 'bold italic' (bx/it) with NFSS spec.:
. <->"[LinLibertine_RBI.otf]/OT:script=latn;language=DFLT;mapping=tex-text;+tnu
m;+lnum;"
. - 'bold italic small caps'  (bx/itsc) with NFSS spec.:
. <->"[LinLibertine_RBI.otf]/OT:script=latn;language=DFLT;mapping=tex-text;+tnu
m;+lnum;+smcp;+smcp;"
.................................................
Requested font "[LinLibertine_RZ.otf]/OT" at 10.0pt
 -> /usr/share/texlive/texmf-dist/fonts/opentype/public/libertine/LinLibertine_
RZ.otf
Requested font "[LinLibertine_RZI.otf]/OT" at 10.0pt
 -> /usr/share/texlive/texmf-dist/fonts/opentype/public/libertine/LinLibertine_
RZI.otf

*************************************************
* fontspec warning: "icu-feature-not-exist-in-font"
* 
* OpenType feature 'Numbers=Monospaced,Lining' (+tnum) not available for font
* 'LinLibertine_RZI' with script 'Latin' and language 'Default'.
*************************************************
*************************************************
* fontspec warning: "icu-feature-not-exist-in-font"
* 
* OpenType feature 'Numbers=Monospaced,Lining' (+tnum) not available for font
* 'LinLibertine_RZI' with script 'Latin' and language 'Default'.
*************************************************
.................................................
. fontspec info: "defining-font"
. 
. Font family 'LinLibertine(2)' created for font 'LinLibertine' with options
. [Ligatures = TeX,Extension =
. .otf,SmallCapsFeatures={Letters=SmallCaps},Numbers =
. {Monospaced,Lining},UprightFont = *_RZ,ItalicFont = *_RZI,BoldFont =
. *_RB,BoldItalicFont = *_RBI].
. 
. This font family consists of the following NFSS series/shapes:
. - 'normal' (m/n) with NFSS spec.:
. <->"[LinLibertine_RZ.otf]/OT:script=latn;language=DFLT;mapping=tex-text;+tnum
;+lnum;"
. - 'small caps'  (m/sc) with NFSS spec.:
. <->"[LinLibertine_RZ.otf]/OT:script=latn;language=DFLT;mapping=tex-text;+tnum
;+lnum;+smcp;+smcp;"-
. 'bold' (bx/n) with NFSS spec.:
. <->"[LinLibertine_RB.otf]/OT:script=latn;language=DFLT;mapping=tex-text;+tnum
;+lnum;"
. - 'bold small caps'  (bx/sc) with NFSS spec.:
. <->"[LinLibertine_RB.otf]/OT:script=latn;language=DFLT;mapping=tex-text;+tnum
;+lnum;+smcp;+smcp;"-
. 'italic' (m/it) with NFSS spec.:
. <->"[LinLibertine_RZI.otf]/OT:script=latn;language=DFLT;mapping=tex-text;+lnu
m;"
. - 'italic small caps'  (m/itsc) with NFSS spec.:
. <->"[LinLibertine_RZI.otf]/OT:script=latn;language=DFLT;mapping=tex-text;+lnu
m;+smcp;+smcp;"-
. 'bold italic' (bx/it) with NFSS spec.:
. <->"[LinLibertine_RBI.otf]/OT:script=latn;language=DFLT;mapping=tex-text;+tnu
m;+lnum;"
. - 'bold italic small caps'  (bx/itsc) with NFSS spec.:
. <->"[LinLibertine_RBI.otf]/OT:script=latn;language=DFLT;mapping=tex-text;+tnu
m;+lnum;+smcp;+smcp;"
.................................................
.................................................
. fontspec info: "defining-font"
. 
. Font family 'LinLibertine(3)' created for font 'LinLibertine' with options
. [Ligatures = TeX,Extension =
. .otf,SmallCapsFeatures={Letters=SmallCaps},Numbers =
. {Monospaced,OldStyle},UprightFont = *_R,ItalicFont = *_RI,BoldFont =
. *_RB,BoldItalicFont = *_RBI].
. 
. This font family consists of the following NFSS series/shapes:
. - 'normal' (m/n) with NFSS spec.:
. <->"[LinLibertine_R.otf]/OT:script=latn;language=DFLT;mapping=tex-text;+tnum;
+onum;"
. - 'small caps'  (m/sc) with NFSS spec.:
. <->"[LinLibertine_R.otf]/OT:script=latn;language=DFLT;mapping=tex-text;+tnum;
+onum;+smcp;+smcp;"-
. 'bold' (bx/n) with NFSS spec.:
. <->"[LinLibertine_RB.otf]/OT:script=latn;language=DFLT;mapping=tex-text;+tnum
;+onum;"
. - 'bold small caps'  (bx/sc) with NFSS spec.:
. <->"[LinLibertine_RB.otf]/OT:script=latn;language=DFLT;mapping=tex-text;+tnum
;+onum;+smcp;+smcp;"-
. 'italic' (m/it) with NFSS spec.:
. <->"[LinLibertine_RI.otf]/OT:script=latn;language=DFLT;mapping=tex-text;+tnum
;+onum;"
. - 'italic small caps'  (m/itsc) with NFSS spec.:
. <->"[LinLibertine_RI.otf]/OT:script=latn;language=DFLT;mapping=tex-text;+tnum
;+onum;+smcp;+smcp;"-
. 'bold italic' (bx/it) with NFSS spec.:
. <->"[LinLibertine_RBI.otf]/OT:script=latn;language=DFLT;mapping=tex-text;+tnu
m;+onum;"
. - 'bold italic small caps'  (bx/itsc) with NFSS spec.:
. <->"[LinLibertine_RBI.otf]/OT:script=latn;language=DFLT;mapping=tex-text;+tnu
m;+onum;+smcp;+smcp;"
.................................................
Requested font "[LinLibertine_DR.otf]/OT" at 10.0pt
 -> /usr/share/texlive/texmf-dist/fonts/opentype/public/libertine/LinLibertine_
DR.otf
.................................................
. fontspec info: "defining-font"
. 
. Font family 'LinLibertine(4)' created for font 'LinLibertine' with options
. [Ligatures = TeX,Extension =
. .otf,SmallCapsFeatures={Letters=SmallCaps},Numbers =
. {Monospaced,Lining},UprightFont = *_DR,ItalicFont = *_RI,BoldFont =
. *_RB,BoldItalicFont = *_RBI].
. 
. This font family consists of the following NFSS series/shapes:
. - 'normal' (m/n) with NFSS spec.:
. <->"[LinLibertine_DR.otf]/OT:script=latn;language=DFLT;mapping=tex-text;+tnum
;+lnum;"
. - 'small caps'  (m/sc) with NFSS spec.: - 'bold' (bx/n) with NFSS spec.:
. <->"[LinLibertine_RB.otf]/OT:script=latn;language=DFLT;mapping=tex-text;+tnum
;+lnum;"
. - 'bold small caps'  (bx/sc) with NFSS spec.:
. <->"[LinLibertine_RB.otf]/OT:script=latn;language=DFLT;mapping=tex-text;+tnum
;+lnum;+smcp;+smcp;"-
. 'italic' (m/it) with NFSS spec.:
. <->"[LinLibertine_RI.otf]/OT:script=latn;language=DFLT;mapping=tex-text;+tnum
;+lnum;"
. - 'italic small caps'  (m/itsc) with NFSS spec.:
. <->"[LinLibertine_RI.otf]/OT:script=latn;language=DFLT;mapping=tex-text;+tnum
;+lnum;+smcp;+smcp;"-
. 'bold italic' (bx/it) with NFSS spec.:
. <->"[LinLibertine_RBI.otf]/OT:script=latn;language=DFLT;mapping=tex-text;+tnu
m;+lnum;"
. - 'bold italic small caps'  (bx/itsc) with NFSS spec.:
. <->"[LinLibertine_RBI.otf]/OT:script=latn;language=DFLT;mapping=tex-text;+tnu
m;+lnum;+smcp;+smcp;"
.................................................
.................................................
. fontspec info: "defining-font"
. 
. Font family 'LinBiolinum(1)' created for font 'LinBiolinum' with options
. [Ligatures = TeX,Extension =
. .otf,SmallCapsFeatures={Letters=SmallCaps},Numbers = {Monospaced, },Scale =
. 1,UprightFont = *_R,ItalicFont = *_RI,BoldFont = *_RB,BoldItalicFont =
. *_RBO].
. 
. This font family consists of the following NFSS series/shapes:
. - 'normal' (m/n) with NFSS spec.:
. <->s*[1]"[LinBiolinum_R.otf]/OT:script=latn;language=DFLT;mapping=tex-text;+t
num;"
. - 'small caps'  (m/sc) with NFSS spec.:
. <->s*[1]"[LinBiolinum_R.otf]/OT:script=latn;language=DFLT;mapping=tex-text;+t
num;+smcp;+smcp;"-
. 'bold' (bx/n) with NFSS spec.:
. <->s*[1]"[LinBiolinum_RB.otf]/OT:script=latn;language=DFLT;mapping=tex-text;+
tnum;"
. - 'bold small caps'  (bx/sc) with NFSS spec.:
. <->s*[1]"[LinBiolinum_RB.otf]/OT:script=latn;language=DFLT;mapping=tex-text;+
tnum;+smcp;+smcp;"-
. 'italic' (m/it) with NFSS spec.:
. <->s*[1]"[LinBiolinum_RI.otf]/OT:script=latn;language=DFLT;mapping=tex-text;+
tnum;"
. - 'italic small caps'  (m/itsc) with NFSS spec.:
. <->s*[1]"[LinBiolinum_RI.otf]/OT:script=latn;language=DFLT;mapping=tex-text;+
tnum;+smcp;+smcp;"-
. 'bold italic' (bx/it) with NFSS spec.:
. <->s*[1]"[LinBiolinum_RBO.otf]/OT:script=latn;language=DFLT;mapping=tex-text;
+tnum;"
. - 'bold italic small caps'  (bx/itsc) with NFSS spec.:
. <->s*[1]"[LinBiolinum_RBO.otf]/OT:script=latn;language=DFLT;mapping=tex-text;
+tnum;+smcp;+smcp;"
.................................................
.................................................
. fontspec info: "defining-font"
. 
. Font family 'LinBiolinum(2)' created for font 'LinBiolinum' with options
. [Ligatures = TeX,Extension =
. .otf,SmallCapsFeatures={Letters=SmallCaps},Numbers = {Monospaced,
. OldStyle},Scale = 1,UprightFont = *_R,ItalicFont = *_RI,BoldFont =
. *_RB,BoldItalicFont = *_RBO].
. 
. This font family consists of the following NFSS series/shapes:
. - 'normal' (m/n) with NFSS spec.:
. <->s*[1]"[LinBiolinum_R.otf]/OT:script=latn;language=DFLT;mapping=tex-text;+t
num;+onum;"
. - 'small caps'  (m/sc) with NFSS spec.:
. <->s*[1]"[LinBiolinum_R.otf]/OT:script=latn;language=DFLT;mapping=tex-text;+t
num;+onum;+smcp;+smcp;"-
. 'bold' (bx/n) with NFSS spec.:
. <->s*[1]"[LinBiolinum_RB.otf]/OT:script=latn;language=DFLT;mapping=tex-text;+
tnum;+onum;"
. - 'bold small caps'  (bx/sc) with NFSS spec.:
. <->s*[1]"[LinBiolinum_RB.otf]/OT:script=latn;language=DFLT;mapping=tex-text;+
tnum;+onum;+smcp;+smcp;"-
. 'italic' (m/it) with NFSS spec.:
. <->s*[1]"[LinBiolinum_RI.otf]/OT:script=latn;language=DFLT;mapping=tex-text;+
tnum;+onum;"
. - 'italic small caps'  (m/itsc) with NFSS spec.:
. <->s*[1]"[LinBiolinum_RI.otf]/OT:script=latn;language=DFLT;mapping=tex-text;+
tnum;+onum;+smcp;+smcp;"-
. 'bold italic' (bx/it) with NFSS spec.:
. <->s*[1]"[LinBiolinum_RBO.otf]/OT:script=latn;language=DFLT;mapping=tex-text;
+tnum;+onum;"
. - 'bold italic small caps'  (bx/itsc) with NFSS spec.:
. <->s*[1]"[LinBiolinum_RBO.otf]/OT:script=latn;language=DFLT;mapping=tex-text;
+tnum;+onum;+smcp;+smcp;"
.................................................
.................................................
. fontspec info: "defining-font"
. 
. Font family 'LinBiolinum(3)' created for font 'LinBiolinum' with options
. [Ligatures = TeX,Extension =
. .otf,SmallCapsFeatures={Letters=SmallCaps},Numbers = {Monospaced},Scale =
. 1,UprightFont = *_R,ItalicFont = *_RI,BoldFont = *_RB,BoldItalicFont =
. *_RBO].
. 
. This font family consists of the following NFSS series/shapes:
. - 'normal' (m/n) with NFSS spec.:
. <->s*[1]"[LinBiolinum_R.otf]/OT:script=latn;language=DFLT;mapping=tex-text;+t
num;"
. - 'small caps'  (m/sc) with NFSS spec.:
. <->s*[1]"[LinBiolinum_R.otf]/OT:script=latn;language=DFLT;mapping=tex-text;+t
num;+smcp;+smcp;"-
. 'bold' (bx/n) with NFSS spec.:
. <->s*[1]"[LinBiolinum_RB.otf]/OT:script=latn;language=DFLT;mapping=tex-text;+
tnum;"
. - 'bold small caps'  (bx/sc) with NFSS spec.:
. <->s*[1]"[LinBiolinum_RB.otf]/OT:script=latn;language=DFLT;mapping=tex-text;+
tnum;+smcp;+smcp;"-
. 'italic' (m/it) with NFSS spec.:
. <->s*[1]"[LinBiolinum_RI.otf]/OT:script=latn;language=DFLT;mapping=tex-text;+
tnum;"
. - 'italic small caps'  (m/itsc) with NFSS spec.:
. <->s*[1]"[LinBiolinum_RI.otf]/OT:script=latn;language=DFLT;mapping=tex-text;+
tnum;+smcp;+smcp;"-
. 'bold italic' (bx/it) with NFSS spec.:
. <->s*[1]"[LinBiolinum_RBO.otf]/OT:script=latn;language=DFLT;mapping=tex-text;
+tnum;"
. - 'bold italic small caps'  (bx/itsc) with NFSS spec.:
. <->s*[1]"[LinBiolinum_RBO.otf]/OT:script=latn;language=DFLT;mapping=tex-text;
+tnum;+smcp;+smcp;"
.................................................
Requested font "[LinLibertine_M.otf]/OT" at 10.0pt
 -> /usr/share/texlive/texmf-dist/fonts/opentype/public/libertine/LinLibertine_
M.otf
Requested font "[LinLibertine_MB.otf]/OT" at 10.0pt
 -> /usr/share/texlive/texmf-dist/fonts/opentype/public/libertine/LinLibertine_
MB.otf
Requested font "[LinLibertine_MO.otf]/OT" at 10.0pt
 -> /usr/share/texlive/texmf-dist/fonts/opentype/public/libertine/LinLibertine_
MO.otf
Requested font "[LinLibertine_MBO.otf]/OT" at 10.0pt
 -> /usr/share/texlive/texmf-dist/fonts/opentype/public/libertine/LinLibertine_
MBO.otf
.................................................
. fontspec info: "defining-font"
. 
. Font family 'LinLibertine(5)' created for font 'LinLibertine' with options
. [Extension = .otf,WordSpace={1,0,0},PunctuationSpace=WordSpace,Scale =
. 1,UprightFont = *_M,ItalicFont = *_MO,BoldFont = *_MB,BoldItalicFont =
. *_MBO].
. 
. This font family consists of the following NFSS series/shapes:
. - 'normal' (m/n) with NFSS spec.:
. <->s*[1]"[LinLibertine_M.otf]/OT:script=latn;language=DFLT;"
. - 'small caps'  (m/sc) with NFSS spec.: 
. and font adjustment code:
. \fontdimen 2\font =1\fontdimen 2\font \fontdimen 3\font =0\fontdimen 3\font
. \fontdimen 4\font =0\fontdimen 4\font \fontdimen 7\font =0\fontdimen 2\font
. - 'bold' (bx/n) with NFSS spec.:
. <->s*[1]"[LinLibertine_MB.otf]/OT:script=latn;language=DFLT;"
. - 'bold small caps'  (bx/sc) with NFSS spec.: 
. and font adjustment code:
. \fontdimen 2\font =1\fontdimen 2\font \fontdimen 3\font =0\fontdimen 3\font
. \fontdimen 4\font =0\fontdimen 4\font \fontdimen 7\font =0\fontdimen 2\font
. - 'italic' (m/it) with NFSS spec.:
. <->s*[1]"[LinLibertine_MO.otf]/OT:script=latn;language=DFLT;"
. - 'italic small caps'  (m/itsc) with NFSS spec.: 
. and font adjustment code:
. \fontdimen 2\font =1\fontdimen 2\font \fontdimen 3\font =0\fontdimen 3\font
. \fontdimen 4\font =0\fontdimen 4\font \fontdimen 7\font =0\fontdimen 2\font
. - 'bold italic' (bx/it) with NFSS spec.:
. <->s*[1]"[LinLibertine_MBO.otf]/OT:script=latn;language=DFLT;"
. - 'bold italic small caps'  (bx/itsc) with NFSS spec.: 
. and font adjustment code:
. \fontdimen 2\font =1\fontdimen 2\font \fontdimen 3\font =0\fontdimen 3\font
. \fontdimen 4\font =0\fontdimen 4\font \fontdimen 7\font =0\fontdimen 2\font 
.................................................
.................................................
. fontspec info: "defining-font"
. 
. Font family 'LinLibertine(6)' created for font 'LinLibertine' with options
. [Extension = .otf,Scale = 1,UprightFont = *_M,ItalicFont = *_MO,BoldFont =
. *_MB,BoldItalicFont = *_MBO].
. 
. This font family consists of the following NFSS series/shapes:
. - 'normal' (m/n) with NFSS spec.:
. <->s*[1]"[LinLibertine_M.otf]/OT:script=latn;language=DFLT;"
. - 'small caps'  (m/sc) with NFSS spec.: - 'bold' (bx/n) with NFSS spec.:
. <->s*[1]"[LinLibertine_MB.otf]/OT:script=latn;language=DFLT;"
. - 'bold small caps'  (bx/sc) with NFSS spec.: - 'italic' (m/it) with NFSS
. spec.: <->s*[1]"[LinLibertine_MO.otf]/OT:script=latn;language=DFLT;"
. - 'italic small caps'  (m/itsc) with NFSS spec.: - 'bold italic' (bx/it)
. with NFSS spec.:
. <->s*[1]"[LinLibertine_MBO.otf]/OT:script=latn;language=DFLT;"
. - 'bold italic small caps'  (bx/itsc) with NFSS spec.: 
.................................................
Requested font "[LinBiolinum_K.otf]/OT" at 10.0pt
 -> /usr/share/texlive/texmf-dist/fonts/opentype/public/libertine/LinBiolinum_K
.otf
\g__fontspec_family_LinBiolinum_K_int=\count131
.................................................
. fontspec info: "defining-font"
. 
. Font family 'LinBiolinum_K(0)' created for font 'LinBiolinum_K' with options
. [Extension = .otf,BoldFont={},ItalicFont={},SmallCapsFont={}].
. 
. This font family consists of the following NFSS series/shapes:
. - 'normal' (m/n) with NFSS spec.:
. <->"[LinBiolinum_K.otf]/OT:script=latn;language=DFLT;"
. - 'small caps'  (m/sc) with NFSS spec.: 
.................................................
Requested font "[LinLibertine_I.otf]/OT" at 10.0pt
 -> /usr/share/texlive/texmf-dist/fonts/opentype/public/libertine/LinLibertine_
I.otf
\g__fontspec_family_LinLibertine_I_int=\count132
.................................................
. fontspec info: "defining-font"
. 
. Font family 'LinLibertine_I(0)' created for font 'LinLibertine_I' with
. options [Extension = .otf,BoldFont={},ItalicFont={},SmallCapsFont={}].
. 
. This font family consists of the following NFSS series/shapes:
. - 'normal' (m/n) with NFSS spec.:
. <->"[LinLibertine_I.otf]/OT:script=latn;language=DFLT;"
. - 'small caps'  (m/sc) with NFSS spec.: 
.................................................
LaTeX Info: Redefining \oldstylenums on input line 458.
LaTeX Info: Redefining \liningnums on input line 459.
.................................................
. fontspec info: "defining-font"
. 
. Font family 'LinLibertine(7)' created for font 'LinLibertine' with options
. [Extension = .otf,Numbers = {Monospaced,Lining},UprightFont = *_R,ItalicFont
. = *_RI,BoldFont = *_RB,BoldItalicFont = *_RBI].
. 
. This font family consists of the following NFSS series/shapes:
. - 'normal' (m/n) with NFSS spec.:
. <->"[LinLibertine_R.otf]/OT:script=latn;language=DFLT;+tnum;+lnum;"
. - 'small caps'  (m/sc) with NFSS spec.:
. <->"[LinLibertine_R.otf]/OT:script=latn;language=DFLT;+tnum;+lnum;+smcp;"-
. 'bold' (bx/n) with NFSS spec.:
. <->"[LinLibertine_RB.otf]/OT:script=latn;language=DFLT;+tnum;+lnum;"
. - 'bold small caps'  (bx/sc) with NFSS spec.:
. <->"[LinLibertine_RB.otf]/OT:script=latn;language=DFLT;+tnum;+lnum;+smcp;"-
. 'italic' (m/it) with NFSS spec.:
. <->"[LinLibertine_RI.otf]/OT:script=latn;language=DFLT;+tnum;+lnum;"
. - 'italic small caps'  (m/itsc) with NFSS spec.:
. <->"[LinLibertine_RI.otf]/OT:script=latn;language=DFLT;+tnum;+lnum;+smcp;"-
. 'bold italic' (bx/it) with NFSS spec.:
. <->"[LinLibertine_RBI.otf]/OT:script=latn;language=DFLT;+tnum;+lnum;"
. - 'bold italic small caps'  (bx/itsc) with NFSS spec.:
. <->"[LinLibertine_RBI.otf]/OT:script=latn;language=DFLT;+tnum;+lnum;+smcp;"
.................................................
.................................................
. fontspec info: "defining-font"
. 
. Font family 'LinLibertine(8)' created for font 'LinLibertine' with options
. [Extension = .otf,Numbers = {Proportional,Lining},UprightFont =
. *_R,ItalicFont = *_RI,BoldFont = *_RB,BoldItalicFont = *_RBI].
. 
. This font family consists of the following NFSS series/shapes:
. - 'normal' (m/n) with NFSS spec.:
. <->"[LinLibertine_R.otf]/OT:script=latn;language=DFLT;+pnum;+lnum;"
. - 'small caps'  (m/sc) with NFSS spec.:
. <->"[LinLibertine_R.otf]/OT:script=latn;language=DFLT;+pnum;+lnum;+smcp;"-
. 'bold' (bx/n) with NFSS spec.:
. <->"[LinLibertine_RB.otf]/OT:script=latn;language=DFLT;+pnum;+lnum;"
. - 'bold small caps'  (bx/sc) with NFSS spec.:
. <->"[LinLibertine_RB.otf]/OT:script=latn;language=DFLT;+pnum;+lnum;+smcp;"-
. 'italic' (m/it) with NFSS spec.:
. <->"[LinLibertine_RI.otf]/OT:script=latn;language=DFLT;+pnum;+lnum;"
. - 'italic small caps'  (m/itsc) with NFSS spec.:
. <->"[LinLibertine_RI.otf]/OT:script=latn;language=DFLT;+pnum;+lnum;+smcp;"-
. 'bold italic' (bx/it) with NFSS spec.:
. <->"[LinLibertine_RBI.otf]/OT:script=latn;language=DFLT;+pnum;+lnum;"
. - 'bold italic small caps'  (bx/itsc) with NFSS spec.:
. <->"[LinLibertine_RBI.otf]/OT:script=latn;language=DFLT;+pnum;+lnum;+smcp;"
.................................................
.................................................
. fontspec info: "defining-font"
. 
. Font family 'LinBiolinum(4)' created for font 'LinBiolinum' with options
. [Extension = .otf,Numbers = {Monospaced,},Scale = 1,UprightFont =
. *_R,ItalicFont = *_RI,BoldFont = *_RB,BoldItalicFont = *_RBO].
. 
. This font family consists of the following NFSS series/shapes:
. - 'normal' (m/n) with NFSS spec.:
. <->s*[1]"[LinBiolinum_R.otf]/OT:script=latn;language=DFLT;+tnum;"
. - 'small caps'  (m/sc) with NFSS spec.:
. <->s*[1]"[LinBiolinum_R.otf]/OT:script=latn;language=DFLT;+tnum;+smcp;"-
. 'bold' (bx/n) with NFSS spec.:
. <->s*[1]"[LinBiolinum_RB.otf]/OT:script=latn;language=DFLT;+tnum;"
. - 'bold small caps'  (bx/sc) with NFSS spec.:
. <->s*[1]"[LinBiolinum_RB.otf]/OT:script=latn;language=DFLT;+tnum;+smcp;"-
. 'italic' (m/it) with NFSS spec.:
. <->s*[1]"[LinBiolinum_RI.otf]/OT:script=latn;language=DFLT;+tnum;"
. - 'italic small caps'  (m/itsc) with NFSS spec.:
. <->s*[1]"[LinBiolinum_RI.otf]/OT:script=latn;language=DFLT;+tnum;+smcp;"-
. 'bold italic' (bx/it) with NFSS spec.:
. <->s*[1]"[LinBiolinum_RBO.otf]/OT:script=latn;language=DFLT;+tnum;"
. - 'bold italic small caps'  (bx/itsc) with NFSS spec.:
. <->s*[1]"[LinBiolinum_RBO.otf]/OT:script=latn;language=DFLT;+tnum;+smcp;"
.................................................
.................................................
. fontspec info: "defining-font"
. 
. Font family 'LinBiolinum(5)' created for font 'LinBiolinum' with options
. [Extension = .otf,Numbers = {Proportional,},Scale = 1,UprightFont =
. *_R,ItalicFont = *_RI,BoldFont = *_RB,BoldItalicFont = *_RBO].
. 
. This font family consists of the following NFSS series/shapes:
. - 'normal' (m/n) with NFSS spec.:
. <->s*[1]"[LinBiolinum_R.otf]/OT:script=latn;language=DFLT;+pnum;"
. - 'small caps'  (m/sc) with NFSS spec.:
. <->s*[1]"[LinBiolinum_R.otf]/OT:script=latn;language=DFLT;+pnum;+smcp;"-
. 'bold' (bx/n) with NFSS spec.:
. <->s*[1]"[LinBiolinum_RB.otf]/OT:script=latn;language=DFLT;+pnum;"
. - 'bold small caps'  (bx/sc) with NFSS spec.:
. <->s*[1]"[LinBiolinum_RB.otf]/OT:script=latn;language=DFLT;+pnum;+smcp;"-
. 'italic' (m/it) with NFSS spec.:
. <->s*[1]"[LinBiolinum_RI.otf]/OT:script=latn;language=DFLT;+pnum;"
. - 'italic small caps'  (m/itsc) with NFSS spec.:
. <->s*[1]"[LinBiolinum_RI.otf]/OT:script=latn;language=DFLT;+pnum;+smcp;"-
. 'bold italic' (bx/it) with NFSS spec.:
. <->s*[1]"[LinBiolinum_RBO.otf]/OT:script=latn;language=DFLT;+pnum;"
. - 'bold italic small caps'  (bx/itsc) with NFSS spec.:
. <->s*[1]"[LinBiolinum_RBO.otf]/OT:script=latn;language=DFLT;+pnum;+smcp;"
.................................................
(/usr/share/texlive/texmf-dist/tex/latex/libertine/LinLibertine_R.tex)
(/usr/share/texlive/texmf-dist/tex/latex/libertine/LinBiolinum_R.tex)
(/usr/share/texlive/texmf-dist/tex/latex/libertine/LinBiolinum_K.tex)
(/usr/share/texlive/texmf-dist/tex/latex/libertine/LinLibertine_I.tex)
(/usr/share/texlive/texmf-dist/tex/latex/libertine/LKey.tex))
Requested font "Linux Biolinum O" at 10.0pt
 -> 
Requested font "Linux Biolinum O/OT" at 10.0pt
 -> 
\g__fontspec_family_LinuxBiolinumO_int=\count133
Requested font "Linux Biolinum O/BI/OT" at 10.0pt
 -> 
Requested font "Linux Biolinum O/B/OT" at 10.0pt
 -> 
Requested font "Linux Biolinum O/I/OT" at 10.0pt
 -> 
Requested font "Linux Biolinum O/B/OT" at 10.0pt
 -> 
Requested font "Linux Biolinum O/B/OT" at 10.0pt
 -> 
Requested font "Linux Biolinum O/I/OT" at 10.0pt
 -> 
Requested font "Linux Biolinum O/I/OT" at 10.0pt
 -> 
Requested font "Linux Biolinum O/BI/OT" at 10.0pt
 -> 
Requested font "Linux Biolinum O/BI/OT" at 10.0pt
 -> 
.................................................
. fontspec info: "defining-font"
. 
. Font family 'LinuxBiolinumO(0)' created for font 'Linux Biolinum O' with
. options [Ligatures=TeX].
. 
. This font family consists of the following NFSS series/shapes:
. - 'normal' (m/n) with NFSS spec.: <->"Linux Biolinum
. O/OT:script=latn;language=DFLT;mapping=tex-text;"
. - 'small caps'  (m/sc) with NFSS spec.: <->"Linux Biolinum
. O/OT:script=latn;language=DFLT;mapping=tex-text;+smcp;"- 'bold' (bx/n) with
. NFSS spec.: <->"Linux Biolinum
. O/B/OT:script=latn;language=DFLT;mapping=tex-text;"
. - 'bold small caps'  (bx/sc) with NFSS spec.: <->"Linux Biolinum
. O/B/OT:script=latn;language=DFLT;mapping=tex-text;+smcp;"- 'italic' (m/it)
. with NFSS spec.: <->"Linux Biolinum
. O/I/OT:script=latn;language=DFLT;mapping=tex-text;"
. - 'italic small caps'  (m/itsc) with NFSS spec.: <->"Linux Biolinum
. O/I/OT:script=latn;language=DFLT;mapping=tex-text;+smcp;"- 'bold italic'
. (bx/it) with NFSS spec.: <->"Linux Biolinum
. O/BI/OT:script=latn;language=DFLT;mapping=tex-text;"
. - 'bold italic small caps'  (bx/itsc) with NFSS spec.: <->"Linux Biolinum
. O/BI/OT:script=latn;language=DFLT;mapping=tex-text;+smcp;"
.................................................

(/usr/share/texlive/texmf-dist/tex/latex/geometry/geometry.sty
Package: geometry 2010/09/12 v5.6 Page Geometry

(/usr/share/texlive/texmf-dist/tex/generic/oberdiek/ifpdf.sty
Package: ifpdf 2016/05/14 v3.1 Provides the ifpdf switch
)
(/usr/share/texlive/texmf-dist/tex/generic/oberdiek/ifvtex.sty
Package: ifvtex 2016/05/16 v1.6 Detect VTeX and its facilities (HO)
Package ifvtex Info: VTeX not detected.
)
\Gm@cnth=\count134
\Gm@cntv=\count135
\c@Gm@tempcnt=\count136
\Gm@bindingoffset=\dimen152
\Gm@wd@mp=\dimen153
\Gm@odd@mp=\dimen154
\Gm@even@mp=\dimen155
\Gm@layoutwidth=\dimen156
\Gm@layoutheight=\dimen157
\Gm@layouthoffset=\dimen158
\Gm@layoutvoffset=\dimen159
\Gm@dimlist=\toks19
)
(./heuristic_analysis.aux)
\openout1 = `heuristic_analysis.aux'.

LaTeX Font Info:    Checking defaults for OML/cmm/m/it on input line 21.
LaTeX Font Info:    ... okay on input line 21.
LaTeX Font Info:    Checking defaults for T1/cmr/m/n on input line 21.
LaTeX Font Info:    ... okay on input line 21.
LaTeX Font Info:    Checking defaults for OT1/cmr/m/n on input line 21.
LaTeX Font Info:    ... okay on input line 21.
LaTeX Font Info:    Checking defaults for OMS/cmsy/m/n on input line 21.
LaTeX Font Info:    ... okay on input line 21.
LaTeX Font Info:    Checking defaults for OMX/cmex/m/n on input line 21.
LaTeX Font Info:    ... okay on input line 21.
LaTeX Font Info:    Checking defaults for U/cmr/m/n on input line 21.
LaTeX Font Info:    ... okay on input line 21.
LaTeX Font Info:    Checking defaults for EU1/lmr/m/n on input line 21.
LaTeX Font Info:    ... okay on input line 21.
LaTeX Font Info:    Checking defaults for T3/cmr/m/n on input line 21.
LaTeX Font Info:    Try loading font information for T3+cmr on input line 21.
 (/usr/share/texmf/tex/latex/tipa/t3cmr.fd
File: t3cmr.fd 2001/12/31 TIPA font definitions
)
LaTeX Font Info:    ... okay on input line 21.
LaTeX Font Info:    Checking defaults for TS1/cmr/m/n on input line 21.
LaTeX Font Info:    Try loading font information for TS1+cmr on input line 21.

(/usr/share/texlive/texmf-dist/tex/latex/base/ts1cmr.fd
File: ts1cmr.fd 2014/09/29 v2.5h Standard LaTeX font definitions
)
LaTeX Font Info:    ... okay on input line 21.
.................................................
. fontspec info: "setup-math"
. 
. Adjusting the maths setup (use [no-math] to avoid this).
.................................................
\symlegacymaths=\mathgroup4
LaTeX Font Info:    Overwriting symbol font `legacymaths' in version `bold'
(Font)                  OT1/cmr/m/n --> OT1/cmr/bx/n on input line 21.
LaTeX Font Info:    Redeclaring math accent \acute on input line 21.
LaTeX Font Info:    Redeclaring math accent \grave on input line 21.
LaTeX Font Info:    Redeclaring math accent \ddot on input line 21.
LaTeX Font Info:    Redeclaring math accent \tilde on input line 21.
LaTeX Font Info:    Redeclaring math accent \bar on input line 21.
LaTeX Font Info:    Redeclaring math accent \breve on input line 21.
LaTeX Font Info:    Redeclaring math accent \check on input line 21.
LaTeX Font Info:    Redeclaring math accent \hat on input line 21.
LaTeX Font Info:    Redeclaring math accent \dot on input line 21.
LaTeX Font Info:    Redeclaring math accent \mathring on input line 21.
LaTeX Font Info:    Redeclaring math symbol \colon on input line 21.
LaTeX Font Info:    Redeclaring math symbol \Gamma on input line 21.
LaTeX Font Info:    Redeclaring math symbol \Delta on input line 21.
LaTeX Font Info:    Redeclaring math symbol \Theta on input line 21.
LaTeX Font Info:    Redeclaring math symbol \Lambda on input line 21.
LaTeX Font Info:    Redeclaring math symbol \Xi on input line 21.
LaTeX Font Info:    Redeclaring math symbol \Pi on input line 21.
LaTeX Font Info:    Redeclaring math symbol \Sigma on input line 21.
LaTeX Font Info:    Redeclaring math symbol \Upsilon on input line 21.
LaTeX Font Info:    Redeclaring math symbol \Phi on input line 21.
LaTeX Font Info:    Redeclaring math symbol \Psi on input line 21.
LaTeX Font Info:    Redeclaring math symbol \Omega on input line 21.
LaTeX Font Info:    Redeclaring math symbol \mathdollar on input line 21.
LaTeX Font Info:    Redeclaring symbol font `operators' on input line 21.
LaTeX Font Info:    Encoding `OT1' has changed to `EU1' for symbol font
(Font)              `operators' in the math version `normal' on input line 21.
LaTeX Font Info:    Overwriting symbol font `operators' in version `normal'
(Font)                  OT1/cmr/m/n --> EU1/LinLibertine(0)/m/n on input line 2
1.
LaTeX Font Info:    Encoding `OT1' has changed to `EU1' for symbol font
(Font)              `operators' in the math version `bold' on input line 21.
LaTeX Font Info:    Overwriting symbol font `operators' in version `bold'
(Font)                  OT1/cmr/bx/n --> EU1/LinLibertine(0)/m/n on input line 
21.
LaTeX Font Info:    Overwriting symbol font `operators' in version `normal'
(Font)                  EU1/LinLibertine(0)/m/n --> EU1/LinLibertine(0)/m/n on 
input line 21.
LaTeX Font Info:    Overwriting math alphabet `\mathit' in version `normal'
(Font)                  OT1/cmr/m/it --> EU1/LinLibertine(0)/m/it on input line
 21.
LaTeX Font Info:    Overwriting math alphabet `\mathbf' in version `normal'
(Font)                  OT1/cmr/bx/n --> EU1/LinLibertine(0)/bx/n on input line
 21.
LaTeX Font Info:    Overwriting math alphabet `\mathsf' in version `normal'
(Font)                  OT1/cmss/m/n --> EU1/LinuxBiolinumO(0)/m/n on input lin
e 21.
LaTeX Font Info:    Overwriting math alphabet `\mathtt' in version `normal'
(Font)                  OT1/cmtt/m/n --> EU1/LinLibertine(5)/m/n on input line 
21.
LaTeX Font Info:    Overwriting symbol font `operators' in version `bold'
(Font)                  EU1/LinLibertine(0)/m/n --> EU1/LinLibertine(0)/bx/n on
 input line 21.
LaTeX Font Info:    Overwriting math alphabet `\mathit' in version `bold'
(Font)                  OT1/cmr/bx/it --> EU1/LinLibertine(0)/bx/it on input li
ne 21.
LaTeX Font Info:    Overwriting math alphabet `\mathsf' in version `bold'
(Font)                  OT1/cmss/bx/n --> EU1/LinuxBiolinumO(0)/bx/n on input l
ine 21.
LaTeX Font Info:    Overwriting math alphabet `\mathtt' in version `bold'
(Font)                  OT1/cmtt/m/n --> EU1/LinLibertine(5)/bx/n on input line
 21.

*geometry* driver: auto-detecting
*geometry* detected driver: xetex
*geometry* verbose mode - [ preamble ] result:
* driver: xetex
* paper: a4paper
* layout: <same size as paper>
* layoutoffset:(h,v)=(0.0pt,0.0pt)
* modes: 
* h-part:(L,W,R)=(89.62709pt, 418.25368pt, 89.6271pt)
* v-part:(T,H,B)=(101.40665pt, 591.5302pt, 152.11pt)
* \paperwidth=597.50787pt
* \paperheight=845.04684pt
* \textwidth=418.25368pt
* \textheight=591.5302pt
* \oddsidemargin=17.3571pt
* \evensidemargin=17.3571pt
* \topmargin=-7.86334pt
* \headheight=12.0pt
* \headsep=25.0pt
* \topskip=10.0pt
* \footskip=30.0pt
* \marginparwidth=65.0pt
* \marginparsep=11.0pt
* \columnsep=10.0pt
* \skip\footins=9.0pt plus 4.0pt minus 2.0pt
* \hoffset=0.0pt
* \voffset=0.0pt
* \mag=1000
* \@twocolumnfalse
* \@twosidefalse
* \@mparswitchfalse
* \@reversemarginfalse
* (1in=72.27pt=25.4mm, 1cm=28.453pt)

Requested font "[LinLibertine_R.otf]/OT:script=latn;language=DFLT;mapping=tex-t
ext;mapping=tex-text;+tnum;+lnum;" at 17.28pt
 -> /usr/share/texlive/texmf-dist/fonts/opentype/public/libertine/LinLibertine_
R.otf
Requested font "[LinLibertine_R.otf]/OT:script=latn;language=DFLT;mapping=tex-t
ext;mapping=tex-text;+tnum;+lnum;" at 12.0pt
 -> /usr/share/texlive/texmf-dist/fonts/opentype/public/libertine/LinLibertine_
R.otf
Requested font "[LinLibertine_R.otf]/OT:script=latn;language=DFLT;mapping=tex-t
ext;mapping=tex-text;+tnum;+lnum;" at 8.0pt
 -> /usr/share/texlive/texmf-dist/fonts/opentype/public/libertine/LinLibertine_
R.otf
Requested font "[LinLibertine_R.otf]/OT:script=latn;language=DFLT;mapping=tex-t
ext;mapping=tex-text;+tnum;+lnum;" at 6.0pt
 -> /usr/share/texlive/texmf-dist/fonts/opentype/public/libertine/LinLibertine_
R.otf
Requested font "cmmi12" at 12.0pt
 -> /usr/share/texlive/texmf-dist/fonts/tfm/public/cm/cmmi12.tfm
Requested font "cmmi8" at 8.0pt
 -> /usr/share/texlive/texmf-dist/fonts/tfm/public/cm/cmmi8.tfm
Requested font "cmmi6" at 6.0pt
 -> /usr/share/texlive/texmf-dist/fonts/tfm/public/cm/cmmi6.tfm
Requested font "cmsy10" at 12.0pt
 -> /usr/share/texlive/texmf-dist/fonts/tfm/public/cm/cmsy10.tfm
Requested font "cmsy8" at 8.0pt
 -> /usr/share/texlive/texmf-dist/fonts/tfm/public/cm/cmsy8.tfm
Requested font "cmsy6" at 6.0pt
 -> /usr/share/texlive/texmf-dist/fonts/tfm/public/cm/cmsy6.tfm
LaTeX Font Info:    External font `cmex10' loaded for size
(Font)              <12> on input line 22.
LaTeX Font Info:    External font `cmex10' loaded for size
(Font)              <8> on input line 22.
LaTeX Font Info:    External font `cmex10' loaded for size
(Font)              <6> on input line 22.
Requested font "cmr12" at 12.0pt
 -> /usr/share/texlive/texmf-dist/fonts/tfm/public/cm/cmr12.tfm
Requested font "cmr8" at 8.0pt
 -> /usr/share/texlive/texmf-dist/fonts/tfm/public/cm/cmr8.tfm
Requested font "cmr6" at 6.0pt
 -> /usr/share/texlive/texmf-dist/fonts/tfm/public/cm/cmr6.tfm
Requested font "[LinLibertine_R.otf]/OT:script=latn;language=DFLT;mapping=tex-t
ext;mapping=tex-text;+tnum;+lnum;" at 14.4pt
 -> /usr/share/texlive/texmf-dist/fonts/opentype/public/libertine/LinLibertine_
R.otf
Requested font "[LinLibertine_RB.otf]/OT:script=latn;language=DFLT;mapping=tex-
text;mapping=tex-text;+tnum;+lnum;" at 14.4pt
 -> /usr/share/texlive/texmf-dist/fonts/opentype/public/libertine/LinLibertine_
RB.otf
Requested font "[LinLibertine_RB.otf]/OT:script=latn;language=DFLT;mapping=tex-
text;mapping=tex-text;+tnum;+lnum;" at 10.0pt
 -> /usr/share/texlive/texmf-dist/fonts/opentype/public/libertine/LinLibertine_
RB.otf
Requested font "[LinLibertine_RI.otf]/OT:script=latn;language=DFLT;mapping=tex-
text;mapping=tex-text;+tnum;+lnum;" at 10.0pt
 -> /usr/share/texlive/texmf-dist/fonts/opentype/public/libertine/LinLibertine_
RI.otf
Requested font "[LinLibertine_R.otf]/OT:script=latn;language=DFLT;mapping=tex-t
ext;mapping=tex-text;+tnum;+lnum;" at 7.0pt
 -> /usr/share/texlive/texmf-dist/fonts/opentype/public/libertine/LinLibertine_
R.otf
Requested font "[LinLibertine_R.otf]/OT:script=latn;language=DFLT;mapping=tex-t
ext;mapping=tex-text;+tnum;+lnum;" at 5.0pt
 -> /usr/share/texlive/texmf-dist/fonts/opentype/public/libertine/LinLibertine_
R.otf
LaTeX Font Info:    External font `cmex10' loaded for size
(Font)              <7> on input line 43.
LaTeX Font Info:    External font `cmex10' loaded for size
(Font)              <5> on input line 43.
[1

]
File: boxplot.pdf Graphic file (type QTm)
 <use  "boxplot.pdf" > [2

]
LaTeX Font Info:    Font shape `EU1/LinLibertine(5)/m/n' will be
(Font)              scaled to size 10.0pt on input line 97.
Requested font "[LinLibertine_M.otf]/OT:script=latn;language=DFLT;" at 10.0pt
 -> /usr/share/texlive/texmf-dist/fonts/opentype/public/libertine/LinLibertine_
M.otf
 [3] [4] (./heuristic_analysis.aux) ) 
Here is how much of TeX's memory you used:
 24596 strings out of 495559
 512591 string characters out of 6186954
 395516 words of memory out of 5000000
 27719 multiletter control sequences out of 15000+600000
 7233 words of font info for 66 fonts, out of 8000000 for 9000
 14 hyphenation exceptions out of 8191
 46i,7n,71p,10379b,265s stack positions out of 5000i,500n,10000p,200000b,80000s

Output written on heuristic_analysis.pdf (4 pages).
